# JRE version: Java(TM) SE Runtime Environment (8.0_161-b12) (build 1.8.0_161-b12)
# Java VM: Java HotSpot(TM) 64-Bit Server VM (25.161-b12 mixed mode linux-amd64 compressed oops)
Heap:
 PSYoungGen      total 724992K, used 96K [0x000000076d900000, 0x000000079aa80000, 0x00000007c0000000)
  eden space 724480K, 0% used [0x000000076d900000,0x000000076d900000,0x0000000799c80000)
  from space 512K, 18% used [0x000000079aa00000,0x000000079aa18000,0x000000079aa80000)
  to   space 512K, 0% used [0x000000079a980000,0x000000079a980000,0x000000079aa00000)
 ParOldGen       total 2702336K, used 2698574K [0x00000006c8a00000, 0x000000076d900000, 0x000000076d900000)
  object space 2702336K, 99% used [0x00000006c8a00000,0x000000076d553888,0x000000076d900000)
 Metaspace       used 23080K, capacity 23446K, committed 23728K, reserved 1071104K
  class space    used 2600K, capacity 2700K, committed 2736K, reserved 1048576K
GC Heap History (10 events):
Event: 174337.281 GC heap after
Heap after GC invocations=686 (full 1):
 PSYoungGen      total 349184K, used 64K [0x000000076d900000, 0x000000079aa80000, 0x00000007c0000000)
  eden space 348672K, 0% used [0x000000076d900000,0x000000076d900000,0x0000000782d80000)
  from space 512K, 12% used [0x000000079a980000,0x000000079a990000,0x000000079aa00000)
  to   space 512K, 0% used [0x000000079aa00000,0x000000079aa00000,0x000000079aa80000)
 ParOldGen       total 2702336K, used 2698502K [0x00000006c8a00000, 0x000000076d900000, 0x000000076d900000)
  object space 2702336K, 99% used [0x00000006c8a00000,0x000000076d541888,0x000000076d900000)
 Metaspace       used 23080K, capacity 23446K, committed 23728K, reserved 1071104K
  class space    used 2600K, capacity 2700K, committed 2736K, reserved 1048576K
}
Event: 174337.447 GC heap before
{Heap before GC invocations=687 (full 1):
 PSYoungGen      total 349184K, used 335472K [0x000000076d900000, 0x000000079aa80000, 0x00000007c0000000)
  eden space 348672K, 96% used [0x000000076d900000,0x000000078208c1c0,0x0000000782d80000)
  from space 512K, 12% used [0x000000079a980000,0x000000079a990000,0x000000079aa00000)
  to   space 512K, 0% used [0x000000079aa00000,0x000000079aa00000,0x000000079aa80000)
 ParOldGen       total 2702336K, used 2698502K [0x00000006c8a00000, 0x000000076d900000, 0x000000076d900000)
  object space 2702336K, 99% used [0x00000006c8a00000,0x000000076d541888,0x000000076d900000)
 Metaspace       used 23080K, capacity 23446K, committed 23728K, reserved 1071104K
  class space    used 2600K, capacity 2700K, committed 2736K, reserved 1048576K
Event: 174337.498 GC heap after
Heap after GC invocations=687 (full 1):
 PSYoungGen      total 419328K, used 96K [0x000000076d900000, 0x000000079aa80000, 0x00000007c0000000)
  eden space 418816K, 0% used [0x000000076d900000,0x000000076d900000,0x0000000787200000)
  from space 512K, 18% used [0x000000079aa00000,0x000000079aa18000,0x000000079aa80000)
  to   space 512K, 0% used [0x000000079a980000,0x000000079a980000,0x000000079aa00000)
 ParOldGen       total 2702336K, used 2698526K [0x00000006c8a00000, 0x000000076d900000, 0x000000076d900000)
  object space 2702336K, 99% used [0x00000006c8a00000,0x000000076d547888,0x000000076d900000)
 Metaspace       used 23080K, capacity 23446K, committed 23728K, reserved 1071104K
  class space    used 2600K, capacity 2700K, committed 2736K, reserved 1048576K
}
Event: 174337.649 GC heap before
{Heap before GC invocations=688 (full 1):
 PSYoungGen      total 419328K, used 402563K [0x000000076d900000, 0x000000079aa80000, 0x00000007c0000000)
  eden space 418816K, 96% used [0x000000076d900000,0x0000000786208d00,0x0000000787200000)
  from space 512K, 18% used [0x000000079aa00000,0x000000079aa18000,0x000000079aa80000)
  to   space 512K, 0% used [0x000000079a980000,0x000000079a980000,0x000000079aa00000)
 ParOldGen       total 2702336K, used 2698526K [0x00000006c8a00000, 0x000000076d900000, 0x000000076d900000)
  object space 2702336K, 99% used [0x00000006c8a00000,0x000000076d547888,0x000000076d900000)
 Metaspace       used 23080K, capacity 23446K, committed 23728K, reserved 1071104K
  class space    used 2600K, capacity 2700K, committed 2736K, reserved 1048576K
Event: 174337.780 GC heap after
Heap after GC invocations=688 (full 1):
 PSYoungGen      total 503296K, used 32K [0x000000076d900000, 0x000000079aa80000, 0x00000007c0000000)
  eden space 502784K, 0% used [0x000000076d900000,0x000000076d900000,0x000000078c400000)
  from space 512K, 6% used [0x000000079a980000,0x000000079a988000,0x000000079aa00000)
  to   space 512K, 0% used [0x000000079aa00000,0x000000079aa00000,0x000000079aa80000)
 ParOldGen       total 2702336K, used 2698542K [0x00000006c8a00000, 0x000000076d900000, 0x000000076d900000)
  object space 2702336K, 99% used [0x00000006c8a00000,0x000000076d54b888,0x000000076d900000)
 Metaspace       used 23080K, capacity 23446K, committed 23728K, reserved 1071104K
  class space    used 2600K, capacity 2700K, committed 2736K, reserved 1048576K
}
Event: 174338.005 GC heap before
{Heap before GC invocations=689 (full 1):
 PSYoungGen      total 503296K, used 502679K [0x000000076d900000, 0x000000079aa80000, 0x00000007c0000000)
  eden space 502784K, 99% used [0x000000076d900000,0x000000078c3dddc8,0x000000078c400000)
  from space 512K, 6% used [0x000000079a980000,0x000000079a988000,0x000000079aa00000)
  to   space 512K, 0% used [0x000000079aa00000,0x000000079aa00000,0x000000079aa80000)
 ParOldGen       total 2702336K, used 2698542K [0x00000006c8a00000, 0x000000076d900000, 0x000000076d900000)
  object space 2702336K, 99% used [0x00000006c8a00000,0x000000076d54b888,0x000000076d900000)
 Metaspace       used 23080K, capacity 23446K, committed 23728K, reserved 1071104K
  class space    used 2600K, capacity 2700K, committed 2736K, reserved 1048576K
Event: 174338.077 GC heap after
Heap after GC invocations=689 (full 1):
 PSYoungGen      total 604160K, used 64K [0x000000076d900000, 0x000000079aa80000, 0x00000007c0000000)
  eden space 603648K, 0% used [0x000000076d900000,0x000000076d900000,0x0000000792680000)
  from space 512K, 12% used [0x000000079aa00000,0x000000079aa10000,0x000000079aa80000)
  to   space 512K, 0% used [0x000000079a980000,0x000000079a980000,0x000000079aa00000)
 ParOldGen       total 2702336K, used 2698550K [0x00000006c8a00000, 0x000000076d900000, 0x000000076d900000)
  object space 2702336K, 99% used [0x00000006c8a00000,0x000000076d54d888,0x000000076d900000)
 Metaspace       used 23080K, capacity 23446K, committed 23728K, reserved 1071104K
  class space    used 2600K, capacity 2700K, committed 2736K, reserved 1048576K
}
Event: 174338.301 GC heap before
{Heap before GC invocations=690 (full 1):
 PSYoungGen      total 604160K, used 603378K [0x000000076d900000, 0x000000079aa80000, 0x00000007c0000000)
  eden space 603648K, 99% used [0x000000076d900000,0x000000079262ca28,0x0000000792680000)
  from space 512K, 12% used [0x000000079aa00000,0x000000079aa10000,0x000000079aa80000)
  to   space 512K, 0% used [0x000000079a980000,0x000000079a980000,0x000000079aa00000)
 ParOldGen       total 2702336K, used 2698550K [0x00000006c8a00000, 0x000000076d900000, 0x000000076d900000)
  object space 2702336K, 99% used [0x00000006c8a00000,0x000000076d54d888,0x000000076d900000)
 Metaspace       used 23080K, capacity 23446K, committed 23728K, reserved 1071104K
  class space    used 2600K, capacity 2700K, committed 2736K, reserved 1048576K
Event: 174338.360 GC heap after
Heap after GC invocations=690 (full 1):
 PSYoungGen      total 724992K, used 96K [0x000000076d900000, 0x000000079aa80000, 0x00000007c0000000)
  eden space 724480K, 0% used [0x000000076d900000,0x000000076d900000,0x0000000799c80000)
  from space 512K, 18% used [0x000000079a980000,0x000000079a998000,0x000000079aa00000)
  to   space 512K, 0% used [0x000000079aa00000,0x000000079aa00000,0x000000079aa80000)
 ParOldGen       total 2702336K, used 2698558K [0x00000006c8a00000, 0x000000076d900000, 0x000000076d900000)
  object space 2702336K, 99% used [0x00000006c8a00000,0x000000076d54f888,0x000000076d900000)
 Metaspace       used 23080K, capacity 23446K, committed 23728K, reserved 1071104K
  class space    used 2600K, capacity 2700K, committed 2736K, reserved 1048576K
}
Event: 174339.319 GC heap before
{Heap before GC invocations=691 (full 1):
 PSYoungGen      total 724992K, used 720761K [0x000000076d900000, 0x000000079aa80000, 0x00000007c0000000)
  eden space 724480K, 99% used [0x000000076d900000,0x00000007998c66e0,0x0000000799c80000)
  from space 512K, 18% used [0x000000079a980000,0x000000079a998000,0x000000079aa00000)
  to   space 512K, 0% used [0x000000079aa00000,0x000000079aa00000,0x000000079aa80000)
 ParOldGen       total 2702336K, used 2698558K [0x00000006c8a00000, 0x000000076d900000, 0x000000076d900000)
  object space 2702336K, 99% used [0x00000006c8a00000,0x000000076d54f888,0x000000076d900000)
 Metaspace       used 23080K, capacity 23446K, committed 23728K, reserved 1071104K
  class space    used 2600K, capacity 2700K, committed 2736K, reserved 1048576K

